<?xml version="1.0" encoding="UTF-8"?>
<!-- Generated by org.testng.reporters.JUnitReportReporter -->
<testsuite skipped="0" hostname="ProTeqWorld" name="githumdemo.TestNGDemo" tests="2" failures="0" timestamp="09 May 2019 02:51:31 GMT" time="0.004" errors="0">
  <testcase name="Addition" time="0.003" classname="githumdemo.TestNGDemo"/>
  <testcase name="Subtraction" time="0.001" classname="githumdemo.TestNGDemo"/>
</testsuite> <!-- githumdemo.TestNGDemo -->
